0 info it worked if it ends with ok
1 verbose cli [ '/usr/local/bin/node', '/usr/local/bin/npm', 'start' ]
2 info using npm@3.6.0
3 info using node@v5.7.0
4 verbose run-script [ 'prestart', 'start', 'poststart' ]
5 info lifecycle leha@1.0.0~prestart: leha@1.0.0
6 silly lifecycle leha@1.0.0~prestart: no script for prestart, continuing
7 info lifecycle leha@1.0.0~start: leha@1.0.0
8 verbose lifecycle leha@1.0.0~start: unsafe-perm in lifecycle true
9 verbose lifecycle leha@1.0.0~start: PATH: /usr/local/lib/node_modules/npm/bin/node-gyp-bin:/usr/angular2/node_modules/.bin:/usr/local/sbin:/usr/local/bin:/sbin:/bin:/usr/sbin:/usr/bin:/root/bin
10 verbose lifecycle leha@1.0.0~start: CWD: /usr/angular2
11 silly lifecycle leha@1.0.0~start: Args: [ '-c',
11 silly lifecycle   'tsc && concurrently "tsc -w" "lite-server" "node ./api/bin.js" ' ]
12 silly lifecycle leha@1.0.0~start: Returned: code: 2  signal: null
13 info lifecycle leha@1.0.0~start: Failed to exec start script
14 verbose stack Error: leha@1.0.0 start: `tsc && concurrently "tsc -w" "lite-server" "node ./api/bin.js" `
14 verbose stack Exit status 2
14 verbose stack     at EventEmitter.<anonymous> (/usr/local/lib/node_modules/npm/lib/utils/lifecycle.js:232:16)
14 verbose stack     at emitTwo (events.js:100:13)
14 verbose stack     at EventEmitter.emit (events.js:185:7)
14 verbose stack     at ChildProcess.<anonymous> (/usr/local/lib/node_modules/npm/lib/utils/spawn.js:24:14)
14 verbose stack     at emitTwo (events.js:100:13)
14 verbose stack     at ChildProcess.emit (events.js:185:7)
14 verbose stack     at maybeClose (internal/child_process.js:827:16)
14 verbose stack     at Process.ChildProcess._handle.onexit (internal/child_process.js:211:5)
15 verbose pkgid leha@1.0.0
16 verbose cwd /usr/angular2
17 error Linux 2.6.32-642.6.1.el6.x86_64
18 error argv "/usr/local/bin/node" "/usr/local/bin/npm" "start"
19 error node v5.7.0
20 error npm  v3.6.0
21 error code ELIFECYCLE
22 error leha@1.0.0 start: `tsc && concurrently "tsc -w" "lite-server" "node ./api/bin.js" `
22 error Exit status 2
23 error Failed at the leha@1.0.0 start script 'tsc && concurrently "tsc -w" "lite-server" "node ./api/bin.js" '.
23 error Make sure you have the latest version of node.js and npm installed.
23 error If you do, this is most likely a problem with the leha package,
23 error not with npm itself.
23 error Tell the author that this fails on your system:
23 error     tsc && concurrently "tsc -w" "lite-server" "node ./api/bin.js"
23 error You can get information on how to open an issue for this project with:
23 error     npm bugs leha
23 error Or if that isn't available, you can get their info via:
23 error     npm owner ls leha
23 error There is likely additional logging output above.
24 verbose exit [ 1, true ]
